<?xml version="1.0" encoding="UTF-8"?>
<testsuite xmlns:xsi="http://www.w3.org/2001/XMLSchema-instance" xsi:noNamespaceSchemaLocation="https://maven.apache.org/surefire/maven-surefire-plugin/xsd/surefire-test-report.xsd" name="net.consensys.eventeum.chain.service.DefaultEventBlockManagementServiceTest" time="0.1" tests="5" errors="0" skipped="0" failures="0">
  <properties>
    <property name="sun.desktop" value="gnome"/>
    <property name="awt.toolkit" value="sun.awt.X11.XToolkit"/>
    <property name="file.encoding.pkg" value="sun.io"/>
    <property name="java.specification.version" value="1.8"/>
    <property name="sun.cpu.isalist" value=""/>
    <property name="sun.jnu.encoding" value="UTF-8"/>
    <property name="java.class.path" value="/home/marcos/dev/workspace/io.builders/iob-eventeum-v2/core/target/test-classes:/home/marcos/dev/workspace/io.builders/iob-eventeum-v2/core/target/classes:/home/marcos/.m2/repository/net/consensys/kafka-deadletter/0.2.1-RELEASE/kafka-deadletter-0.2.1-RELEASE.jar:/home/marcos/.m2/repository/org/springframework/boot/spring-boot-autoconfigure/2.1.0.RELEASE/spring-boot-autoconfigure-2.1.0.RELEASE.jar:/home/marcos/.m2/repository/org/slf4j/slf4j-api/1.7.25/slf4j-api-1.7.25.jar:/home/marcos/.m2/repository/com/fasterxml/jackson/core/jackson-databind/2.9.7/jackson-databind-2.9.7.jar:/home/marcos/.m2/repository/com/fasterxml/jackson/core/jackson-annotations/2.9.0/jackson-annotations-2.9.0.jar:/home/marcos/.m2/repository/com/fasterxml/jackson/core/jackson-core/2.9.7/jackson-core-2.9.7.jar:/home/marcos/.m2/repository/commons-logging/commons-logging/1.2/commons-logging-1.2.jar:/home/marcos/.m2/repository/org/springframework/boot/spring-boot-starter-web/2.1.0.RELEASE/spring-boot-starter-web-2.1.0.RELEASE.jar:/home/marcos/.m2/repository/org/springframework/boot/spring-boot-starter/2.1.0.RELEASE/spring-boot-starter-2.1.0.RELEASE.jar:/home/marcos/.m2/repository/org/springframework/boot/spring-boot-starter-logging/2.1.0.RELEASE/spring-boot-starter-logging-2.1.0.RELEASE.jar:/home/marcos/.m2/repository/ch/qos/logback/logback-classic/1.2.3/logback-classic-1.2.3.jar:/home/marcos/.m2/repository/ch/qos/logback/logback-core/1.2.3/logback-core-1.2.3.jar:/home/marcos/.m2/repository/org/apache/logging/log4j/log4j-to-slf4j/2.11.1/log4j-to-slf4j-2.11.1.jar:/home/marcos/.m2/repository/org/apache/logging/log4j/log4j-api/2.11.1/log4j-api-2.11.1.jar:/home/marcos/.m2/repository/org/slf4j/jul-to-slf4j/1.7.25/jul-to-slf4j-1.7.25.jar:/home/marcos/.m2/repository/javax/annotation/javax.annotation-api/1.3.2/javax.annotation-api-1.3.2.jar:/home/marcos/.m2/repository/org/yaml/snakeyaml/1.23/snakeyaml-1.23.jar:/home/marcos/.m2/repository/org/springframework/boot/spring-boot-starter-json/2.1.0.RELEASE/spring-boot-starter-json-2.1.0.RELEASE.jar:/home/marcos/.m2/repository/com/fasterxml/jackson/datatype/jackson-datatype-jdk8/2.9.7/jackson-datatype-jdk8-2.9.7.jar:/home/marcos/.m2/repository/com/fasterxml/jackson/datatype/jackson-datatype-jsr310/2.9.7/jackson-datatype-jsr310-2.9.7.jar:/home/marcos/.m2/repository/com/fasterxml/jackson/module/jackson-module-parameter-names/2.9.7/jackson-module-parameter-names-2.9.7.jar:/home/marcos/.m2/repository/org/springframework/boot/spring-boot-starter-tomcat/2.1.0.RELEASE/spring-boot-starter-tomcat-2.1.0.RELEASE.jar:/home/marcos/.m2/repository/org/apache/tomcat/embed/tomcat-embed-core/9.0.12/tomcat-embed-core-9.0.12.jar:/home/marcos/.m2/repository/org/apache/tomcat/embed/tomcat-embed-el/9.0.12/tomcat-embed-el-9.0.12.jar:/home/marcos/.m2/repository/org/apache/tomcat/embed/tomcat-embed-websocket/9.0.12/tomcat-embed-websocket-9.0.12.jar:/home/marcos/.m2/repository/org/hibernate/validator/hibernate-validator/6.0.13.Final/hibernate-validator-6.0.13.Final.jar:/home/marcos/.m2/repository/javax/validation/validation-api/2.0.1.Final/validation-api-2.0.1.Final.jar:/home/marcos/.m2/repository/org/jboss/logging/jboss-logging/3.3.2.Final/jboss-logging-3.3.2.Final.jar:/home/marcos/.m2/repository/com/fasterxml/classmate/1.4.0/classmate-1.4.0.jar:/home/marcos/.m2/repository/org/springframework/spring-web/5.1.2.RELEASE/spring-web-5.1.2.RELEASE.jar:/home/marcos/.m2/repository/org/springframework/spring-beans/5.1.2.RELEASE/spring-beans-5.1.2.RELEASE.jar:/home/marcos/.m2/repository/org/springframework/spring-webmvc/5.1.2.RELEASE/spring-webmvc-5.1.2.RELEASE.jar:/home/marcos/.m2/repository/org/springframework/spring-aop/5.1.2.RELEASE/spring-aop-5.1.2.RELEASE.jar:/home/marcos/.m2/repository/org/springframework/spring-expression/5.1.2.RELEASE/spring-expression-5.1.2.RELEASE.jar:/home/marcos/.m2/repository/org/springframework/kafka/spring-kafka/2.2.0.RELEASE/spring-kafka-2.2.0.RELEASE.jar:/home/marcos/.m2/repository/org/springframework/spring-context/5.1.2.RELEASE/spring-context-5.1.2.RELEASE.jar:/home/marcos/.m2/repository/org/springframework/spring-messaging/5.1.2.RELEASE/spring-messaging-5.1.2.RELEASE.jar:/home/marcos/.m2/repository/org/springframework/spring-tx/5.1.2.RELEASE/spring-tx-5.1.2.RELEASE.jar:/home/marcos/.m2/repository/org/springframework/retry/spring-retry/1.2.2.RELEASE/spring-retry-1.2.2.RELEASE.jar:/home/marcos/.m2/repository/org/apache/kafka/kafka-clients/2.0.0/kafka-clients-2.0.0.jar:/home/marcos/.m2/repository/org/lz4/lz4-java/1.4.1/lz4-java-1.4.1.jar:/home/marcos/.m2/repository/org/xerial/snappy/snappy-java/1.1.7.1/snappy-java-1.1.7.1.jar:/home/marcos/.m2/repository/org/springframework/boot/spring-boot-starter-data-mongodb/2.1.0.RELEASE/spring-boot-starter-data-mongodb-2.1.0.RELEASE.jar:/home/marcos/.m2/repository/org/mongodb/mongodb-driver/3.8.2/mongodb-driver-3.8.2.jar:/home/marcos/.m2/repository/org/mongodb/bson/3.8.2/bson-3.8.2.jar:/home/marcos/.m2/repository/org/mongodb/mongodb-driver-core/3.8.2/mongodb-driver-core-3.8.2.jar:/home/marcos/.m2/repository/org/springframework/data/spring-data-mongodb/2.1.2.RELEASE/spring-data-mongodb-2.1.2.RELEASE.jar:/home/marcos/.m2/repository/org/springframework/data/spring-data-commons/2.1.2.RELEASE/spring-data-commons-2.1.2.RELEASE.jar:/home/marcos/.m2/repository/org/springframework/cloud/spring-cloud-starter-openfeign/2.0.2.RELEASE/spring-cloud-starter-openfeign-2.0.2.RELEASE.jar:/home/marcos/.m2/repository/org/springframework/cloud/spring-cloud-starter/2.0.2.RELEASE/spring-cloud-starter-2.0.2.RELEASE.jar:/home/marcos/.m2/repository/org/springframework/cloud/spring-cloud-context/2.0.2.RELEASE/spring-cloud-context-2.0.2.RELEASE.jar:/home/marcos/.m2/repository/org/springframework/security/spring-security-rsa/1.0.7.RELEASE/spring-security-rsa-1.0.7.RELEASE.jar:/home/marcos/.m2/repository/org/bouncycastle/bcpkix-jdk15on/1.60/bcpkix-jdk15on-1.60.jar:/home/marcos/.m2/repository/org/springframework/cloud/spring-cloud-openfeign-core/2.0.2.RELEASE/spring-cloud-openfeign-core-2.0.2.RELEASE.jar:/home/marcos/.m2/repository/org/springframework/cloud/spring-cloud-netflix-ribbon/2.0.2.RELEASE/spring-cloud-netflix-ribbon-2.0.2.RELEASE.jar:/home/marcos/.m2/repository/org/springframework/cloud/spring-cloud-netflix-archaius/2.0.2.RELEASE/spring-cloud-netflix-archaius-2.0.2.RELEASE.jar:/home/marcos/.m2/repository/org/springframework/boot/spring-boot-starter-aop/2.1.0.RELEASE/spring-boot-starter-aop-2.1.0.RELEASE.jar:/home/marcos/.m2/repository/org/aspectj/aspectjweaver/1.9.2/aspectjweaver-1.9.2.jar:/home/marcos/.m2/repository/io/github/openfeign/form/feign-form-spring/3.3.0/feign-form-spring-3.3.0.jar:/home/marcos/.m2/repository/io/github/openfeign/form/feign-form/3.3.0/feign-form-3.3.0.jar:/home/marcos/.m2/repository/commons-fileupload/commons-fileupload/1.3.3/commons-fileupload-1.3.3.jar:/home/marcos/.m2/repository/commons-io/commons-io/2.2/commons-io-2.2.jar:/home/marcos/.m2/repository/org/springframework/cloud/spring-cloud-commons/2.0.2.RELEASE/spring-cloud-commons-2.0.2.RELEASE.jar:/home/marcos/.m2/repository/org/springframework/security/spring-security-crypto/5.1.1.RELEASE/spring-security-crypto-5.1.1.RELEASE.jar:/home/marcos/.m2/repository/io/github/openfeign/feign-core/9.7.0/feign-core-9.7.0.jar:/home/marcos/.m2/repository/io/github/openfeign/feign-slf4j/9.7.0/feign-slf4j-9.7.0.jar:/home/marcos/.m2/repository/io/github/openfeign/feign-hystrix/9.7.0/feign-hystrix-9.7.0.jar:/home/marcos/.m2/repository/com/netflix/archaius/archaius-core/0.6.6/archaius-core-0.6.6.jar:/home/marcos/.m2/repository/com/google/code/findbugs/annotations/2.0.0/annotations-2.0.0.jar:/home/marcos/.m2/repository/commons-configuration/commons-configuration/1.8/commons-configuration-1.8.jar:/home/marcos/.m2/repository/commons-lang/commons-lang/2.6/commons-lang-2.6.jar:/home/marcos/.m2/repository/com/netflix/hystrix/hystrix-core/1.4.26/hystrix-core-1.4.26.jar:/home/marcos/.m2/repository/io/github/openfeign/feign-java8/9.7.0/feign-java8-9.7.0.jar:/home/marcos/.m2/repository/org/springframework/boot/spring-boot-devtools/2.1.0.RELEASE/spring-boot-devtools-2.1.0.RELEASE.jar:/home/marcos/.m2/repository/org/springframework/boot/spring-boot/2.1.0.RELEASE/spring-boot-2.1.0.RELEASE.jar:/home/marcos/.m2/repository/org/springframework/boot/spring-boot-starter-amqp/2.1.0.RELEASE/spring-boot-starter-amqp-2.1.0.RELEASE.jar:/home/marcos/.m2/repository/org/springframework/amqp/spring-rabbit/2.1.0.RELEASE/spring-rabbit-2.1.0.RELEASE.jar:/home/marcos/.m2/repository/org/springframework/amqp/spring-amqp/2.1.0.RELEASE/spring-amqp-2.1.0.RELEASE.jar:/home/marcos/.m2/repository/com/rabbitmq/amqp-client/5.4.3/amqp-client-5.4.3.jar:/home/marcos/.m2/repository/org/projectlombok/lombok/1.16.20/lombok-1.16.20.jar:/home/marcos/.m2/repository/org/web3j/core/3.6.0/core-3.6.0.jar:/home/marcos/.m2/repository/com/squareup/okhttp3/okhttp/3.8.1/okhttp-3.8.1.jar:/home/marcos/.m2/repository/com/squareup/okio/okio/1.13.0/okio-1.13.0.jar:/home/marcos/.m2/repository/com/squareup/okhttp3/logging-interceptor/3.8.1/logging-interceptor-3.8.1.jar:/home/marcos/.m2/repository/org/web3j/crypto/3.6.0/crypto-3.6.0.jar:/home/marcos/.m2/repository/org/web3j/rlp/3.6.0/rlp-3.6.0.jar:/home/marcos/.m2/repository/org/web3j/utils/3.6.0/utils-3.6.0.jar:/home/marcos/.m2/repository/org/bouncycastle/bcprov-jdk15on/1.54/bcprov-jdk15on-1.54.jar:/home/marcos/.m2/repository/com/github/jnr/jnr-unixsocket/0.15/jnr-unixsocket-0.15.jar:/home/marcos/.m2/repository/com/github/jnr/jnr-ffi/2.1.2/jnr-ffi-2.1.2.jar:/home/marcos/.m2/repository/com/github/jnr/jffi/1.2.14/jffi-1.2.14.jar:/home/marcos/.m2/repository/com/github/jnr/jffi/1.2.14/jffi-1.2.14-native.jar:/home/marcos/.m2/repository/org/ow2/asm/asm/5.0.3/asm-5.0.3.jar:/home/marcos/.m2/repository/org/ow2/asm/asm-commons/5.0.3/asm-commons-5.0.3.jar:/home/marcos/.m2/repository/org/ow2/asm/asm-analysis/5.0.3/asm-analysis-5.0.3.jar:/home/marcos/.m2/repository/org/ow2/asm/asm-tree/5.0.3/asm-tree-5.0.3.jar:/home/marcos/.m2/repository/org/ow2/asm/asm-util/5.0.3/asm-util-5.0.3.jar:/home/marcos/.m2/repository/com/github/jnr/jnr-x86asm/1.0.2/jnr-x86asm-1.0.2.jar:/home/marcos/.m2/repository/com/github/jnr/jnr-constants/0.9.6/jnr-constants-0.9.6.jar:/home/marcos/.m2/repository/com/github/jnr/jnr-enxio/0.14/jnr-enxio-0.14.jar:/home/marcos/.m2/repository/com/github/jnr/jnr-posix/3.0.33/jnr-posix-3.0.33.jar:/home/marcos/.m2/repository/org/web3j/abi/3.6.0/abi-3.6.0.jar:/home/marcos/.m2/repository/org/web3j/tuples/3.6.0/tuples-3.6.0.jar:/home/marcos/.m2/repository/org/java-websocket/Java-WebSocket/1.3.8/Java-WebSocket-1.3.8.jar:/home/marcos/.m2/repository/io/reactivex/rxjava/1.2.4/rxjava-1.2.4.jar:/home/marcos/.m2/repository/org/modelmapper/modelmapper/1.1.0/modelmapper-1.1.0.jar:/home/marcos/.m2/repository/com/google/guava/guava/23.4-jre/guava-23.4-jre.jar:/home/marcos/.m2/repository/com/google/code/findbugs/jsr305/1.3.9/jsr305-1.3.9.jar:/home/marcos/.m2/repository/com/google/errorprone/error_prone_annotations/2.0.18/error_prone_annotations-2.0.18.jar:/home/marcos/.m2/repository/com/google/j2objc/j2objc-annotations/1.1/j2objc-annotations-1.1.jar:/home/marcos/.m2/repository/org/codehaus/mojo/animal-sniffer-annotations/1.14/animal-sniffer-annotations-1.14.jar:/home/marcos/.m2/repository/org/springframework/boot/spring-boot-starter-test/2.1.0.RELEASE/spring-boot-starter-test-2.1.0.RELEASE.jar:/home/marcos/.m2/repository/org/springframework/boot/spring-boot-test/2.1.0.RELEASE/spring-boot-test-2.1.0.RELEASE.jar:/home/marcos/.m2/repository/org/springframework/boot/spring-boot-test-autoconfigure/2.1.0.RELEASE/spring-boot-test-autoconfigure-2.1.0.RELEASE.jar:/home/marcos/.m2/repository/com/jayway/jsonpath/json-path/2.4.0/json-path-2.4.0.jar:/home/marcos/.m2/repository/net/minidev/json-smart/2.3/json-smart-2.3.jar:/home/marcos/.m2/repository/net/minidev/accessors-smart/1.2/accessors-smart-1.2.jar:/home/marcos/.m2/repository/junit/junit/4.12/junit-4.12.jar:/home/marcos/.m2/repository/org/assertj/assertj-core/3.11.1/assertj-core-3.11.1.jar:/home/marcos/.m2/repository/org/mockito/mockito-core/2.23.0/mockito-core-2.23.0.jar:/home/marcos/.m2/repository/net/bytebuddy/byte-buddy/1.9.3/byte-buddy-1.9.3.jar:/home/marcos/.m2/repository/net/bytebuddy/byte-buddy-agent/1.9.3/byte-buddy-agent-1.9.3.jar:/home/marcos/.m2/repository/org/objenesis/objenesis/2.6/objenesis-2.6.jar:/home/marcos/.m2/repository/org/hamcrest/hamcrest-core/1.3/hamcrest-core-1.3.jar:/home/marcos/.m2/repository/org/hamcrest/hamcrest-library/1.3/hamcrest-library-1.3.jar:/home/marcos/.m2/repository/org/skyscreamer/jsonassert/1.5.0/jsonassert-1.5.0.jar:/home/marcos/.m2/repository/com/vaadin/external/google/android-json/0.0.20131108.vaadin1/android-json-0.0.20131108.vaadin1.jar:/home/marcos/.m2/repository/org/springframework/spring-core/5.1.2.RELEASE/spring-core-5.1.2.RELEASE.jar:/home/marcos/.m2/repository/org/springframework/spring-jcl/5.1.2.RELEASE/spring-jcl-5.1.2.RELEASE.jar:/home/marcos/.m2/repository/org/springframework/spring-test/5.1.2.RELEASE/spring-test-5.1.2.RELEASE.jar:/home/marcos/.m2/repository/org/xmlunit/xmlunit-core/2.6.2/xmlunit-core-2.6.2.jar:/home/marcos/.m2/repository/de/flapdoodle/embed/de.flapdoodle.embed.mongo/2.1.1/de.flapdoodle.embed.mongo-2.1.1.jar:/home/marcos/.m2/repository/de/flapdoodle/embed/de.flapdoodle.embed.process/2.0.5/de.flapdoodle.embed.process-2.0.5.jar:/home/marcos/.m2/repository/org/apache/commons/commons-lang3/3.8.1/commons-lang3-3.8.1.jar:/home/marcos/.m2/repository/net/java/dev/jna/jna/4.5.2/jna-4.5.2.jar:/home/marcos/.m2/repository/net/java/dev/jna/jna-platform/4.5.2/jna-platform-4.5.2.jar:/home/marcos/.m2/repository/org/apache/commons/commons-compress/1.10/commons-compress-1.10.jar:/home/marcos/.m2/repository/com/github/tomakehurst/wiremock-standalone/2.12.0/wiremock-standalone-2.12.0.jar:/home/marcos/.m2/repository/org/springframework/kafka/spring-kafka-test/2.2.0.RELEASE/spring-kafka-test-2.2.0.RELEASE.jar:/home/marcos/.m2/repository/org/apache/kafka/kafka-clients/2.0.0/kafka-clients-2.0.0-test.jar:/home/marcos/.m2/repository/org/apache/kafka/kafka_2.11/2.0.0/kafka_2.11-2.0.0.jar:/home/marcos/.m2/repository/net/sf/jopt-simple/jopt-simple/5.0.4/jopt-simple-5.0.4.jar:/home/marcos/.m2/repository/com/yammer/metrics/metrics-core/2.2.0/metrics-core-2.2.0.jar:/home/marcos/.m2/repository/org/scala-lang/scala-library/2.11.12/scala-library-2.11.12.jar:/home/marcos/.m2/repository/org/scala-lang/scala-reflect/2.11.12/scala-reflect-2.11.12.jar:/home/marcos/.m2/repository/com/typesafe/scala-logging/scala-logging_2.11/3.9.0/scala-logging_2.11-3.9.0.jar:/home/marcos/.m2/repository/com/101tec/zkclient/0.10/zkclient-0.10.jar:/home/marcos/.m2/repository/org/apache/zookeeper/zookeeper/3.4.13/zookeeper-3.4.13.jar:/home/marcos/.m2/repository/org/apache/yetus/audience-annotations/0.5.0/audience-annotations-0.5.0.jar:/home/marcos/.m2/repository/org/apache/kafka/kafka_2.11/2.0.0/kafka_2.11-2.0.0-test.jar:"/>
    <property name="java.vm.vendor" value="Azul Systems, Inc."/>
    <property name="sun.arch.data.model" value="64"/>
    <property name="java.vendor.url" value="http://www.azulsystems.com/"/>
    <property name="user.timezone" value=""/>
    <property name="java.vm.specification.version" value="1.8"/>
    <property name="os.name" value="Linux"/>
    <property name="user.country" value="ES"/>
    <property name="sun.java.launcher" value="SUN_STANDARD"/>
    <property name="sun.boot.library.path" value="/home/marcos/.sdkman/candidates/java/8.0.181-zulu/jre/lib/amd64"/>
    <property name="sun.java.command" value="/home/marcos/dev/workspace/io.builders/iob-eventeum-v2/core/target/surefire/surefirebooter9140629623405184662.jar /home/marcos/dev/workspace/io.builders/iob-eventeum-v2/core/target/surefire 2019-06-19T16-44-21_066-jvmRun1 surefire7769862085853290465tmp surefire_05151045445139629263tmp"/>
    <property name="surefire.test.class.path" value="/home/marcos/dev/workspace/io.builders/iob-eventeum-v2/core/target/test-classes:/home/marcos/dev/workspace/io.builders/iob-eventeum-v2/core/target/classes:/home/marcos/.m2/repository/net/consensys/kafka-deadletter/0.2.1-RELEASE/kafka-deadletter-0.2.1-RELEASE.jar:/home/marcos/.m2/repository/org/springframework/boot/spring-boot-autoconfigure/2.1.0.RELEASE/spring-boot-autoconfigure-2.1.0.RELEASE.jar:/home/marcos/.m2/repository/org/slf4j/slf4j-api/1.7.25/slf4j-api-1.7.25.jar:/home/marcos/.m2/repository/com/fasterxml/jackson/core/jackson-databind/2.9.7/jackson-databind-2.9.7.jar:/home/marcos/.m2/repository/com/fasterxml/jackson/core/jackson-annotations/2.9.0/jackson-annotations-2.9.0.jar:/home/marcos/.m2/repository/com/fasterxml/jackson/core/jackson-core/2.9.7/jackson-core-2.9.7.jar:/home/marcos/.m2/repository/commons-logging/commons-logging/1.2/commons-logging-1.2.jar:/home/marcos/.m2/repository/org/springframework/boot/spring-boot-starter-web/2.1.0.RELEASE/spring-boot-starter-web-2.1.0.RELEASE.jar:/home/marcos/.m2/repository/org/springframework/boot/spring-boot-starter/2.1.0.RELEASE/spring-boot-starter-2.1.0.RELEASE.jar:/home/marcos/.m2/repository/org/springframework/boot/spring-boot-starter-logging/2.1.0.RELEASE/spring-boot-starter-logging-2.1.0.RELEASE.jar:/home/marcos/.m2/repository/ch/qos/logback/logback-classic/1.2.3/logback-classic-1.2.3.jar:/home/marcos/.m2/repository/ch/qos/logback/logback-core/1.2.3/logback-core-1.2.3.jar:/home/marcos/.m2/repository/org/apache/logging/log4j/log4j-to-slf4j/2.11.1/log4j-to-slf4j-2.11.1.jar:/home/marcos/.m2/repository/org/apache/logging/log4j/log4j-api/2.11.1/log4j-api-2.11.1.jar:/home/marcos/.m2/repository/org/slf4j/jul-to-slf4j/1.7.25/jul-to-slf4j-1.7.25.jar:/home/marcos/.m2/repository/javax/annotation/javax.annotation-api/1.3.2/javax.annotation-api-1.3.2.jar:/home/marcos/.m2/repository/org/yaml/snakeyaml/1.23/snakeyaml-1.23.jar:/home/marcos/.m2/repository/org/springframework/boot/spring-boot-starter-json/2.1.0.RELEASE/spring-boot-starter-json-2.1.0.RELEASE.jar:/home/marcos/.m2/repository/com/fasterxml/jackson/datatype/jackson-datatype-jdk8/2.9.7/jackson-datatype-jdk8-2.9.7.jar:/home/marcos/.m2/repository/com/fasterxml/jackson/datatype/jackson-datatype-jsr310/2.9.7/jackson-datatype-jsr310-2.9.7.jar:/home/marcos/.m2/repository/com/fasterxml/jackson/module/jackson-module-parameter-names/2.9.7/jackson-module-parameter-names-2.9.7.jar:/home/marcos/.m2/repository/org/springframework/boot/spring-boot-starter-tomcat/2.1.0.RELEASE/spring-boot-starter-tomcat-2.1.0.RELEASE.jar:/home/marcos/.m2/repository/org/apache/tomcat/embed/tomcat-embed-core/9.0.12/tomcat-embed-core-9.0.12.jar:/home/marcos/.m2/repository/org/apache/tomcat/embed/tomcat-embed-el/9.0.12/tomcat-embed-el-9.0.12.jar:/home/marcos/.m2/repository/org/apache/tomcat/embed/tomcat-embed-websocket/9.0.12/tomcat-embed-websocket-9.0.12.jar:/home/marcos/.m2/repository/org/hibernate/validator/hibernate-validator/6.0.13.Final/hibernate-validator-6.0.13.Final.jar:/home/marcos/.m2/repository/javax/validation/validation-api/2.0.1.Final/validation-api-2.0.1.Final.jar:/home/marcos/.m2/repository/org/jboss/logging/jboss-logging/3.3.2.Final/jboss-logging-3.3.2.Final.jar:/home/marcos/.m2/repository/com/fasterxml/classmate/1.4.0/classmate-1.4.0.jar:/home/marcos/.m2/repository/org/springframework/spring-web/5.1.2.RELEASE/spring-web-5.1.2.RELEASE.jar:/home/marcos/.m2/repository/org/springframework/spring-beans/5.1.2.RELEASE/spring-beans-5.1.2.RELEASE.jar:/home/marcos/.m2/repository/org/springframework/spring-webmvc/5.1.2.RELEASE/spring-webmvc-5.1.2.RELEASE.jar:/home/marcos/.m2/repository/org/springframework/spring-aop/5.1.2.RELEASE/spring-aop-5.1.2.RELEASE.jar:/home/marcos/.m2/repository/org/springframework/spring-expression/5.1.2.RELEASE/spring-expression-5.1.2.RELEASE.jar:/home/marcos/.m2/repository/org/springframework/kafka/spring-kafka/2.2.0.RELEASE/spring-kafka-2.2.0.RELEASE.jar:/home/marcos/.m2/repository/org/springframework/spring-context/5.1.2.RELEASE/spring-context-5.1.2.RELEASE.jar:/home/marcos/.m2/repository/org/springframework/spring-messaging/5.1.2.RELEASE/spring-messaging-5.1.2.RELEASE.jar:/home/marcos/.m2/repository/org/springframework/spring-tx/5.1.2.RELEASE/spring-tx-5.1.2.RELEASE.jar:/home/marcos/.m2/repository/org/springframework/retry/spring-retry/1.2.2.RELEASE/spring-retry-1.2.2.RELEASE.jar:/home/marcos/.m2/repository/org/apache/kafka/kafka-clients/2.0.0/kafka-clients-2.0.0.jar:/home/marcos/.m2/repository/org/lz4/lz4-java/1.4.1/lz4-java-1.4.1.jar:/home/marcos/.m2/repository/org/xerial/snappy/snappy-java/1.1.7.1/snappy-java-1.1.7.1.jar:/home/marcos/.m2/repository/org/springframework/boot/spring-boot-starter-data-mongodb/2.1.0.RELEASE/spring-boot-starter-data-mongodb-2.1.0.RELEASE.jar:/home/marcos/.m2/repository/org/mongodb/mongodb-driver/3.8.2/mongodb-driver-3.8.2.jar:/home/marcos/.m2/repository/org/mongodb/bson/3.8.2/bson-3.8.2.jar:/home/marcos/.m2/repository/org/mongodb/mongodb-driver-core/3.8.2/mongodb-driver-core-3.8.2.jar:/home/marcos/.m2/repository/org/springframework/data/spring-data-mongodb/2.1.2.RELEASE/spring-data-mongodb-2.1.2.RELEASE.jar:/home/marcos/.m2/repository/org/springframework/data/spring-data-commons/2.1.2.RELEASE/spring-data-commons-2.1.2.RELEASE.jar:/home/marcos/.m2/repository/org/springframework/cloud/spring-cloud-starter-openfeign/2.0.2.RELEASE/spring-cloud-starter-openfeign-2.0.2.RELEASE.jar:/home/marcos/.m2/repository/org/springframework/cloud/spring-cloud-starter/2.0.2.RELEASE/spring-cloud-starter-2.0.2.RELEASE.jar:/home/marcos/.m2/repository/org/springframework/cloud/spring-cloud-context/2.0.2.RELEASE/spring-cloud-context-2.0.2.RELEASE.jar:/home/marcos/.m2/repository/org/springframework/security/spring-security-rsa/1.0.7.RELEASE/spring-security-rsa-1.0.7.RELEASE.jar:/home/marcos/.m2/repository/org/bouncycastle/bcpkix-jdk15on/1.60/bcpkix-jdk15on-1.60.jar:/home/marcos/.m2/repository/org/springframework/cloud/spring-cloud-openfeign-core/2.0.2.RELEASE/spring-cloud-openfeign-core-2.0.2.RELEASE.jar:/home/marcos/.m2/repository/org/springframework/cloud/spring-cloud-netflix-ribbon/2.0.2.RELEASE/spring-cloud-netflix-ribbon-2.0.2.RELEASE.jar:/home/marcos/.m2/repository/org/springframework/cloud/spring-cloud-netflix-archaius/2.0.2.RELEASE/spring-cloud-netflix-archaius-2.0.2.RELEASE.jar:/home/marcos/.m2/repository/org/springframework/boot/spring-boot-starter-aop/2.1.0.RELEASE/spring-boot-starter-aop-2.1.0.RELEASE.jar:/home/marcos/.m2/repository/org/aspectj/aspectjweaver/1.9.2/aspectjweaver-1.9.2.jar:/home/marcos/.m2/repository/io/github/openfeign/form/feign-form-spring/3.3.0/feign-form-spring-3.3.0.jar:/home/marcos/.m2/repository/io/github/openfeign/form/feign-form/3.3.0/feign-form-3.3.0.jar:/home/marcos/.m2/repository/commons-fileupload/commons-fileupload/1.3.3/commons-fileupload-1.3.3.jar:/home/marcos/.m2/repository/commons-io/commons-io/2.2/commons-io-2.2.jar:/home/marcos/.m2/repository/org/springframework/cloud/spring-cloud-commons/2.0.2.RELEASE/spring-cloud-commons-2.0.2.RELEASE.jar:/home/marcos/.m2/repository/org/springframework/security/spring-security-crypto/5.1.1.RELEASE/spring-security-crypto-5.1.1.RELEASE.jar:/home/marcos/.m2/repository/io/github/openfeign/feign-core/9.7.0/feign-core-9.7.0.jar:/home/marcos/.m2/repository/io/github/openfeign/feign-slf4j/9.7.0/feign-slf4j-9.7.0.jar:/home/marcos/.m2/repository/io/github/openfeign/feign-hystrix/9.7.0/feign-hystrix-9.7.0.jar:/home/marcos/.m2/repository/com/netflix/archaius/archaius-core/0.6.6/archaius-core-0.6.6.jar:/home/marcos/.m2/repository/com/google/code/findbugs/annotations/2.0.0/annotations-2.0.0.jar:/home/marcos/.m2/repository/commons-configuration/commons-configuration/1.8/commons-configuration-1.8.jar:/home/marcos/.m2/repository/commons-lang/commons-lang/2.6/commons-lang-2.6.jar:/home/marcos/.m2/repository/com/netflix/hystrix/hystrix-core/1.4.26/hystrix-core-1.4.26.jar:/home/marcos/.m2/repository/io/github/openfeign/feign-java8/9.7.0/feign-java8-9.7.0.jar:/home/marcos/.m2/repository/org/springframework/boot/spring-boot-devtools/2.1.0.RELEASE/spring-boot-devtools-2.1.0.RELEASE.jar:/home/marcos/.m2/repository/org/springframework/boot/spring-boot/2.1.0.RELEASE/spring-boot-2.1.0.RELEASE.jar:/home/marcos/.m2/repository/org/springframework/boot/spring-boot-starter-amqp/2.1.0.RELEASE/spring-boot-starter-amqp-2.1.0.RELEASE.jar:/home/marcos/.m2/repository/org/springframework/amqp/spring-rabbit/2.1.0.RELEASE/spring-rabbit-2.1.0.RELEASE.jar:/home/marcos/.m2/repository/org/springframework/amqp/spring-amqp/2.1.0.RELEASE/spring-amqp-2.1.0.RELEASE.jar:/home/marcos/.m2/repository/com/rabbitmq/amqp-client/5.4.3/amqp-client-5.4.3.jar:/home/marcos/.m2/repository/org/projectlombok/lombok/1.16.20/lombok-1.16.20.jar:/home/marcos/.m2/repository/org/web3j/core/3.6.0/core-3.6.0.jar:/home/marcos/.m2/repository/com/squareup/okhttp3/okhttp/3.8.1/okhttp-3.8.1.jar:/home/marcos/.m2/repository/com/squareup/okio/okio/1.13.0/okio-1.13.0.jar:/home/marcos/.m2/repository/com/squareup/okhttp3/logging-interceptor/3.8.1/logging-interceptor-3.8.1.jar:/home/marcos/.m2/repository/org/web3j/crypto/3.6.0/crypto-3.6.0.jar:/home/marcos/.m2/repository/org/web3j/rlp/3.6.0/rlp-3.6.0.jar:/home/marcos/.m2/repository/org/web3j/utils/3.6.0/utils-3.6.0.jar:/home/marcos/.m2/repository/org/bouncycastle/bcprov-jdk15on/1.54/bcprov-jdk15on-1.54.jar:/home/marcos/.m2/repository/com/github/jnr/jnr-unixsocket/0.15/jnr-unixsocket-0.15.jar:/home/marcos/.m2/repository/com/github/jnr/jnr-ffi/2.1.2/jnr-ffi-2.1.2.jar:/home/marcos/.m2/repository/com/github/jnr/jffi/1.2.14/jffi-1.2.14.jar:/home/marcos/.m2/repository/com/github/jnr/jffi/1.2.14/jffi-1.2.14-native.jar:/home/marcos/.m2/repository/org/ow2/asm/asm/5.0.3/asm-5.0.3.jar:/home/marcos/.m2/repository/org/ow2/asm/asm-commons/5.0.3/asm-commons-5.0.3.jar:/home/marcos/.m2/repository/org/ow2/asm/asm-analysis/5.0.3/asm-analysis-5.0.3.jar:/home/marcos/.m2/repository/org/ow2/asm/asm-tree/5.0.3/asm-tree-5.0.3.jar:/home/marcos/.m2/repository/org/ow2/asm/asm-util/5.0.3/asm-util-5.0.3.jar:/home/marcos/.m2/repository/com/github/jnr/jnr-x86asm/1.0.2/jnr-x86asm-1.0.2.jar:/home/marcos/.m2/repository/com/github/jnr/jnr-constants/0.9.6/jnr-constants-0.9.6.jar:/home/marcos/.m2/repository/com/github/jnr/jnr-enxio/0.14/jnr-enxio-0.14.jar:/home/marcos/.m2/repository/com/github/jnr/jnr-posix/3.0.33/jnr-posix-3.0.33.jar:/home/marcos/.m2/repository/org/web3j/abi/3.6.0/abi-3.6.0.jar:/home/marcos/.m2/repository/org/web3j/tuples/3.6.0/tuples-3.6.0.jar:/home/marcos/.m2/repository/org/java-websocket/Java-WebSocket/1.3.8/Java-WebSocket-1.3.8.jar:/home/marcos/.m2/repository/io/reactivex/rxjava/1.2.4/rxjava-1.2.4.jar:/home/marcos/.m2/repository/org/modelmapper/modelmapper/1.1.0/modelmapper-1.1.0.jar:/home/marcos/.m2/repository/com/google/guava/guava/23.4-jre/guava-23.4-jre.jar:/home/marcos/.m2/repository/com/google/code/findbugs/jsr305/1.3.9/jsr305-1.3.9.jar:/home/marcos/.m2/repository/com/google/errorprone/error_prone_annotations/2.0.18/error_prone_annotations-2.0.18.jar:/home/marcos/.m2/repository/com/google/j2objc/j2objc-annotations/1.1/j2objc-annotations-1.1.jar:/home/marcos/.m2/repository/org/codehaus/mojo/animal-sniffer-annotations/1.14/animal-sniffer-annotations-1.14.jar:/home/marcos/.m2/repository/org/springframework/boot/spring-boot-starter-test/2.1.0.RELEASE/spring-boot-starter-test-2.1.0.RELEASE.jar:/home/marcos/.m2/repository/org/springframework/boot/spring-boot-test/2.1.0.RELEASE/spring-boot-test-2.1.0.RELEASE.jar:/home/marcos/.m2/repository/org/springframework/boot/spring-boot-test-autoconfigure/2.1.0.RELEASE/spring-boot-test-autoconfigure-2.1.0.RELEASE.jar:/home/marcos/.m2/repository/com/jayway/jsonpath/json-path/2.4.0/json-path-2.4.0.jar:/home/marcos/.m2/repository/net/minidev/json-smart/2.3/json-smart-2.3.jar:/home/marcos/.m2/repository/net/minidev/accessors-smart/1.2/accessors-smart-1.2.jar:/home/marcos/.m2/repository/junit/junit/4.12/junit-4.12.jar:/home/marcos/.m2/repository/org/assertj/assertj-core/3.11.1/assertj-core-3.11.1.jar:/home/marcos/.m2/repository/org/mockito/mockito-core/2.23.0/mockito-core-2.23.0.jar:/home/marcos/.m2/repository/net/bytebuddy/byte-buddy/1.9.3/byte-buddy-1.9.3.jar:/home/marcos/.m2/repository/net/bytebuddy/byte-buddy-agent/1.9.3/byte-buddy-agent-1.9.3.jar:/home/marcos/.m2/repository/org/objenesis/objenesis/2.6/objenesis-2.6.jar:/home/marcos/.m2/repository/org/hamcrest/hamcrest-core/1.3/hamcrest-core-1.3.jar:/home/marcos/.m2/repository/org/hamcrest/hamcrest-library/1.3/hamcrest-library-1.3.jar:/home/marcos/.m2/repository/org/skyscreamer/jsonassert/1.5.0/jsonassert-1.5.0.jar:/home/marcos/.m2/repository/com/vaadin/external/google/android-json/0.0.20131108.vaadin1/android-json-0.0.20131108.vaadin1.jar:/home/marcos/.m2/repository/org/springframework/spring-core/5.1.2.RELEASE/spring-core-5.1.2.RELEASE.jar:/home/marcos/.m2/repository/org/springframework/spring-jcl/5.1.2.RELEASE/spring-jcl-5.1.2.RELEASE.jar:/home/marcos/.m2/repository/org/springframework/spring-test/5.1.2.RELEASE/spring-test-5.1.2.RELEASE.jar:/home/marcos/.m2/repository/org/xmlunit/xmlunit-core/2.6.2/xmlunit-core-2.6.2.jar:/home/marcos/.m2/repository/de/flapdoodle/embed/de.flapdoodle.embed.mongo/2.1.1/de.flapdoodle.embed.mongo-2.1.1.jar:/home/marcos/.m2/repository/de/flapdoodle/embed/de.flapdoodle.embed.process/2.0.5/de.flapdoodle.embed.process-2.0.5.jar:/home/marcos/.m2/repository/org/apache/commons/commons-lang3/3.8.1/commons-lang3-3.8.1.jar:/home/marcos/.m2/repository/net/java/dev/jna/jna/4.5.2/jna-4.5.2.jar:/home/marcos/.m2/repository/net/java/dev/jna/jna-platform/4.5.2/jna-platform-4.5.2.jar:/home/marcos/.m2/repository/org/apache/commons/commons-compress/1.10/commons-compress-1.10.jar:/home/marcos/.m2/repository/com/github/tomakehurst/wiremock-standalone/2.12.0/wiremock-standalone-2.12.0.jar:/home/marcos/.m2/repository/org/springframework/kafka/spring-kafka-test/2.2.0.RELEASE/spring-kafka-test-2.2.0.RELEASE.jar:/home/marcos/.m2/repository/org/apache/kafka/kafka-clients/2.0.0/kafka-clients-2.0.0-test.jar:/home/marcos/.m2/repository/org/apache/kafka/kafka_2.11/2.0.0/kafka_2.11-2.0.0.jar:/home/marcos/.m2/repository/net/sf/jopt-simple/jopt-simple/5.0.4/jopt-simple-5.0.4.jar:/home/marcos/.m2/repository/com/yammer/metrics/metrics-core/2.2.0/metrics-core-2.2.0.jar:/home/marcos/.m2/repository/org/scala-lang/scala-library/2.11.12/scala-library-2.11.12.jar:/home/marcos/.m2/repository/org/scala-lang/scala-reflect/2.11.12/scala-reflect-2.11.12.jar:/home/marcos/.m2/repository/com/typesafe/scala-logging/scala-logging_2.11/3.9.0/scala-logging_2.11-3.9.0.jar:/home/marcos/.m2/repository/com/101tec/zkclient/0.10/zkclient-0.10.jar:/home/marcos/.m2/repository/org/apache/zookeeper/zookeeper/3.4.13/zookeeper-3.4.13.jar:/home/marcos/.m2/repository/org/apache/yetus/audience-annotations/0.5.0/audience-annotations-0.5.0.jar:/home/marcos/.m2/repository/org/apache/kafka/kafka_2.11/2.0.0/kafka_2.11-2.0.0-test.jar:"/>
    <property name="sun.cpu.endian" value="little"/>
    <property name="user.home" value="/home/marcos"/>
    <property name="user.language" value="es"/>
    <property name="java.specification.vendor" value="Oracle Corporation"/>
    <property name="java.home" value="/home/marcos/.sdkman/candidates/java/8.0.181-zulu/jre"/>
    <property name="basedir" value="/home/marcos/dev/workspace/io.builders/iob-eventeum-v2/core"/>
    <property name="file.separator" value="/"/>
    <property name="line.separator" value="&#10;"/>
    <property name="java.vm.specification.vendor" value="Oracle Corporation"/>
    <property name="java.specification.name" value="Java Platform API Specification"/>
    <property name="java.awt.graphicsenv" value="sun.awt.X11GraphicsEnvironment"/>
    <property name="surefire.real.class.path" value="/home/marcos/dev/workspace/io.builders/iob-eventeum-v2/core/target/surefire/surefirebooter9140629623405184662.jar"/>
    <property name="sun.boot.class.path" value="/home/marcos/.sdkman/candidates/java/8.0.181-zulu/jre/lib/resources.jar:/home/marcos/.sdkman/candidates/java/8.0.181-zulu/jre/lib/rt.jar:/home/marcos/.sdkman/candidates/java/8.0.181-zulu/jre/lib/sunrsasign.jar:/home/marcos/.sdkman/candidates/java/8.0.181-zulu/jre/lib/jsse.jar:/home/marcos/.sdkman/candidates/java/8.0.181-zulu/jre/lib/jce.jar:/home/marcos/.sdkman/candidates/java/8.0.181-zulu/jre/lib/charsets.jar:/home/marcos/.sdkman/candidates/java/8.0.181-zulu/jre/lib/jfr.jar:/home/marcos/.sdkman/candidates/java/8.0.181-zulu/jre/classes"/>
    <property name="sun.management.compiler" value="HotSpot 64-Bit Tiered Compilers"/>
    <property name="java.runtime.version" value="1.8.0_181-b02"/>
    <property name="user.name" value="marcos"/>
    <property name="path.separator" value=":"/>
    <property name="os.version" value="4.15.0-51-generic"/>
    <property name="java.endorsed.dirs" value="/home/marcos/.sdkman/candidates/java/8.0.181-zulu/jre/lib/endorsed"/>
    <property name="java.runtime.name" value="OpenJDK Runtime Environment"/>
    <property name="file.encoding" value="UTF-8"/>
    <property name="java.vm.name" value="OpenJDK 64-Bit Server VM"/>
    <property name="localRepository" value="/home/marcos/.m2/repository"/>
    <property name="java.vendor.url.bug" value="http://www.azulsystems.com/support/"/>
    <property name="java.io.tmpdir" value="/tmp"/>
    <property name="java.version" value="1.8.0_181"/>
    <property name="user.dir" value="/home/marcos/dev/workspace/io.builders/iob-eventeum-v2/core"/>
    <property name="os.arch" value="amd64"/>
    <property name="java.vm.specification.name" value="Java Virtual Machine Specification"/>
    <property name="java.awt.printerjob" value="sun.print.PSPrinterJob"/>
    <property name="sun.os.patch.level" value="unknown"/>
    <property name="java.library.path" value="/usr/java/packages/lib/amd64:/usr/lib64:/lib64:/lib:/usr/lib"/>
    <property name="java.vm.info" value="mixed mode"/>
    <property name="java.vendor" value="Azul Systems, Inc."/>
    <property name="java.vm.version" value="25.181-b02"/>
    <property name="java.ext.dirs" value="/home/marcos/.sdkman/candidates/java/8.0.181-zulu/jre/lib/ext:/usr/java/packages/lib/ext"/>
    <property name="sun.io.unicode.encoding" value="UnicodeLittle"/>
    <property name="java.class.version" value="52.0"/>
  </properties>
  <testcase name="testUpdateAndGetHigherMatch" classname="net.consensys.eventeum.chain.service.DefaultEventBlockManagementServiceTest" time="0.097"/>
  <testcase name="testUpdateAndGetNoMatch" classname="net.consensys.eventeum.chain.service.DefaultEventBlockManagementServiceTest" time="0.001"/>
  <testcase name="testUpdateAndGetLowerMatch" classname="net.consensys.eventeum.chain.service.DefaultEventBlockManagementServiceTest" time="0"/>
  <testcase name="testGetNoLocalMatchButHitInEventStore" classname="net.consensys.eventeum.chain.service.DefaultEventBlockManagementServiceTest" time="0.001"/>
  <testcase name="testGetNoLocalMatchAndNoHitInEventStore" classname="net.consensys.eventeum.chain.service.DefaultEventBlockManagementServiceTest" time="0.001"/>
</testsuite>